#
# There is insufficient memory for the Java Runtime Environment to continue.
# Native memory allocation (malloc) failed to allocate 1261616 bytes for Chunk::new
# Possible reasons:
#   The system is out of physical RAM or swap space
#   The process is running with CompressedOops enabled, and the Java Heap may be blocking the growth of the native heap
# Possible solutions:
#   Reduce memory load on the system
#   Increase physical memory or swap space
#   Check if swap backing store is full
#   Decrease Java heap size (-Xmx/-Xms)
#   Decrease number of Java threads
#   Decrease Java thread stack sizes (-Xss)
#   Set larger code cache with -XX:ReservedCodeCacheSize=
#   JVM is running with Unscaled Compressed Oops mode in which the Java heap is
#     placed in the first 4GB address space. The Java Heap base address is the
#     maximum limit for the native heap growth. Please use -XX:HeapBaseMinAddress
#     to set the Java Heap base and to place the Java Heap above 4GB virtual address.
# This output file may be truncated or incomplete.
#
#  Out of Memory Error (allocation.cpp:389), pid=27480, tid=0x0000000000000d24
#
# JRE version: OpenJDK Runtime Environment (8.0_202-b03) (build 1.8.0_202-release-1483-b03)
# Java VM: OpenJDK 64-Bit Server VM (25.202-b03 mixed mode windows-amd64 compressed oops)
# Failed to write core dump. Minidumps are not enabled by default on client versions of Windows
#

---------------  T H R E A D  ---------------

Current thread (0x0000000016bba000):  JavaThread "C2 CompilerThread0" daemon [_thread_in_native, id=3364, stack(0x0000000018510000,0x0000000018610000)]

Stack: [0x0000000018510000,0x0000000018610000]
[error occurred during error reporting (printing stack bounds), id 0xc0000005]

Native frames: (J=compiled Java code, j=interpreted, Vv=VM code, C=native code)


Current CompileTask:
C2: 442923 17982 %     4       com.android.tools.r8.ir.regalloc.LinearScanRegisterAllocator::a @ 1334 (3743 bytes)


---------------  P R O C E S S  ---------------

Java Threads: ( => current thread )
  0x00000000220a9000 JavaThread "Cache worker for Java compile cache (E:\AndroidProject\GoFly\.gradle\5.4.1\javaCompile)" [_thread_blocked, id=26212, stack(0x0000000027190000,0x0000000027290000)]
  0x00000000220a7800 JavaThread "Cache worker for Java compile cache (C:\Users\John Young\.gradle\caches\5.4.1\javaCompile)" [_thread_blocked, id=23676, stack(0x0000000026140000,0x0000000026240000)]
  0x00000000220a8800 JavaThread "WorkerExecutor Queue Thread 5" [_thread_blocked, id=22104, stack(0x0000000027090000,0x0000000027190000)]
  0x00000000220ab800 JavaThread "stdout" [_thread_in_native, id=21376, stack(0x0000000026f90000,0x0000000027090000)]
  0x00000000220a7000 JavaThread "stderr" [_thread_in_native, id=2872, stack(0x0000000026e90000,0x0000000026f90000)]
  0x00000000220ad000 JavaThread "stdout" [_thread_in_native, id=4652, stack(0x0000000026d90000,0x0000000026e90000)]
  0x00000000220aa000 JavaThread "stderr" [_thread_in_native, id=16324, stack(0x0000000026c90000,0x0000000026d90000)]
  0x00000000220ac000 JavaThread "stdout" [_thread_in_native, id=16452, stack(0x0000000026b90000,0x0000000026c90000)]
  0x00000000220a4800 JavaThread "stderr" [_thread_in_native, id=25756, stack(0x0000000026a90000,0x0000000026b90000)]
  0x00000000220a5800 JavaThread "stdout" [_thread_in_native, id=6392, stack(0x0000000026990000,0x0000000026a90000)]
  0x00000000220aa800 JavaThread "stderr" [_thread_in_native, id=20000, stack(0x0000000026890000,0x0000000026990000)]
  0x000000001c986000 JavaThread "pool-6-thread-1" [_thread_blocked, id=17220, stack(0x0000000026790000,0x0000000026890000)]
  0x000000001b147000 JavaThread "WorkerExecutor Queue Thread 4" [_thread_in_native, id=16144, stack(0x0000000026690000,0x0000000026790000)]
  0x000000001b146800 JavaThread "WorkerExecutor Queue Thread 3" [_thread_blocked, id=27496, stack(0x0000000026590000,0x0000000026690000)]
  0x000000001c98d800 JavaThread "WorkerExecutor Queue" [_thread_blocked, id=25060, stack(0x0000000026290000,0x0000000026390000)]
  0x000000001c984800 JavaThread "Cache worker for execution history cache (E:\AndroidProject\GoFly\.gradle\5.4.1\executionHistory)" [_thread_blocked, id=15452, stack(0x0000000025e40000,0x0000000025f40000)]
  0x000000001c98a800 JavaThread "Execution worker for ':' Thread 3" [_thread_blocked, id=23236, stack(0x0000000025d40000,0x0000000025e40000)]
  0x000000001c989800 JavaThread "Execution worker for ':' Thread 2" [_thread_in_Java, id=7520, stack(0x0000000025c40000,0x0000000025d40000)]
  0x000000001c98b000 JavaThread "Execution worker for ':'" [_thread_in_Java, id=23488, stack(0x0000000025b40000,0x0000000025c40000)]
  0x000000001c985000 JavaThread "Cache worker for file content cache (E:\AndroidProject\GoFly\.gradle\5.4.1\fileContent)" [_thread_blocked, id=24332, stack(0x0000000025840000,0x0000000025940000)]
  0x000000001c989000 JavaThread "Cache worker for file content cache (C:\Users\John Young\.gradle\caches\5.4.1\fileContent)" [_thread_blocked, id=25660, stack(0x0000000025740000,0x0000000025840000)]
  0x000000001c980000 JavaThread "Cache worker for Build Output Cleanup Cache (E:\AndroidProject\GoFly\.gradle\buildOutputCleanup)" [_thread_in_native, id=8020, stack(0x0000000025420000,0x0000000025520000)]
  0x000000001c983000 JavaThread "Build operations Thread 4" [_thread_blocked, id=20276, stack(0x0000000025220000,0x0000000025320000)]
  0x0000000019be5800 JavaThread "Build operations Thread 3" [_thread_blocked, id=18800, stack(0x0000000025120000,0x0000000025220000)]
  0x0000000019be4800 JavaThread "Build operations Thread 2" [_thread_blocked, id=26264, stack(0x0000000023df0000,0x0000000023ef0000)]
  0x0000000019be4000 JavaThread "Build operations" [_thread_blocked, id=256, stack(0x0000000023200000,0x0000000023300000)]
  0x0000000019be3000 JavaThread "Cache worker for cache directory md-rule (C:\Users\John Young\.gradle\caches\5.4.1\md-rule)" [_thread_blocked, id=15416, stack(0x0000000020b10000,0x0000000020c10000)]
  0x0000000019be1800 JavaThread "Cache worker for cache directory md-supplier (C:\Users\John Young\.gradle\caches\5.4.1\md-supplier)" [_thread_blocked, id=20172, stack(0x0000000020310000,0x0000000020410000)]
  0x0000000019bd9800 JavaThread "Cache worker for file hash cache (E:\AndroidProject\GoFly\.gradle\5.4.1\fileHashes)" [_thread_blocked, id=22224, stack(0x000000001efd0000,0x000000001f0d0000)]
  0x0000000019bdf800 JavaThread "Thread-49" [_thread_blocked, id=7352, stack(0x000000001e800000,0x000000001e900000)]
  0x0000000019bd8000 JavaThread "Stdin handler" [_thread_blocked, id=14084, stack(0x000000001af90000,0x000000001b090000)]
  0x0000000019bde800 JavaThread "Asynchronous log dispatcher for DefaultDaemonConnection: socket connection from /127.0.0.1:52207 to /127.0.0.1:52334" [_thread_blocked, id=12436, stack(0x000000001ac90000,0x000000001ad90000)]
  0x0000000019bde000 JavaThread "Cancel handler" [_thread_blocked, id=7548, stack(0x00000000012f0000,0x00000000013f0000)]
  0x0000000019bd6800 JavaThread "Handler for socket connection from /127.0.0.1:52207 to /127.0.0.1:52334" [_thread_in_native, id=24476, stack(0x00000000011f0000,0x00000000012f0000)]
  0x000000001c986800 JavaThread "Daemon worker Thread 2" [_thread_blocked, id=27560, stack(0x000000001a790000,0x000000001a890000)]
  0x000000001c982000 JavaThread "Daemon Thread 2" [_thread_blocked, id=10128, stack(0x0000000000fd0000,0x00000000010d0000)]
  0x0000000019be1000 JavaThread "Memory manager" [_thread_blocked, id=24072, stack(0x0000000021060000,0x0000000021160000)]
  0x0000000019bd8800 JavaThread "Cache worker for execution history cache (C:\Users\John Young\.gradle\caches\5.4.1\executionHistory)" [_thread_blocked, id=16484, stack(0x0000000020410000,0x0000000020510000)]
  0x000000001b148000 JavaThread "Cache worker for journal cache (C:\Users\John Young\.gradle\caches\journal-1)" [_thread_blocked, id=22824, stack(0x000000001c460000,0x000000001c560000)]
  0x000000001b14a000 JavaThread "File lock request listener" [_thread_in_native, id=24416, stack(0x000000001c360000,0x000000001c460000)]
  0x000000001b14b800 JavaThread "Cache worker for file hash cache (C:\Users\John Young\.gradle\caches\5.4.1\fileHashes)" [_thread_blocked, id=21724, stack(0x000000001c060000,0x000000001c160000)]
  0x0000000019fbc800 JavaThread "Daemon periodic checks" [_thread_blocked, id=19056, stack(0x000000001a690000,0x000000001a790000)]
  0x0000000019da3800 JavaThread "Incoming local TCP Connector on port 52207" [_thread_in_native, id=20496, stack(0x000000001a4e0000,0x000000001a5e0000)]
  0x0000000019785000 JavaThread "Daemon health stats" [_thread_blocked, id=16112, stack(0x000000001a1e0000,0x000000001a2e0000)]
  0x0000000017f93000 JavaThread "Service Thread" daemon [_thread_blocked, id=27456, stack(0x0000000018810000,0x0000000018910000)]
  0x0000000017f22800 JavaThread "C1 CompilerThread2" daemon [_thread_in_native, id=15740, stack(0x0000000018710000,0x0000000018810000)]
  0x0000000016bbd800 JavaThread "C2 CompilerThread1" daemon [_thread_in_native, id=23392, stack(0x0000000018610000,0x0000000018710000)]
=>0x0000000016bba000 JavaThread "C2 CompilerThread0" daemon [_thread_in_native, id=3364, stack(0x0000000018510000,0x0000000018610000)]
  0x0000000016bb9000 JavaThread "Attach Listener" daemon [_thread_blocked, id=1612, stack(0x0000000018410000,0x0000000018510000)]
  0x0000000017f18800 JavaThread "Signal Dispatcher" daemon [_thread_blocked, id=24352, stack(0x0000000018310000,0x0000000018410000)]
  0x00000000031ea000 JavaThread "Finalizer" daemon [_thread_blocked, id=25668, stack(0x0000000017db0000,0x0000000017eb0000)]
  0x00000000031e1000 JavaThread "Reference Handler" daemon [_thread_blocked, id=23764, stack(0x0000000017cb0000,0x0000000017db0000)]
  0x000000000144e000 JavaThread "main" [_thread_blocked, id=23592, stack(0x0000000002ff0000,0x00000000030f0000)]

Other Threads:
  0x0000000016b26800 VMThread [stack: 0x0000000017bb0000,0x0000000017cb0000] [id=17912]
  0x0000000017fa3800 WatcherThread [stack: 0x0000000018910000,0x0000000018a10000] [id=5380]

VM state:not at safepoint (normal execution)

VM Mutex/Monitor currently owned by a thread: None

heap address: 0x00000000a0000000, size: 1536 MB, Compressed Oops mode: 32-bit
Narrow klass base: 0x0000000000000000, Narrow klass shift: 3
Compressed class space size: 1073741824 Address: 0x0000000100000000

Heap:
 PSYoungGen      total 173568K, used 5329K [0x00000000e0000000, 0x00000000eea80000, 0x0000000100000000)
  eden space 121856K, 2% used [0x00000000e0000000,0x00000000e02ec438,0x00000000e7700000)
  from space 51712K, 4% used [0x00000000eb800000,0x00000000eba48000,0x00000000eea80000)
  to   space 47616K, 0% used [0x00000000e7700000,0x00000000e7700000,0x00000000ea580000)
 ParOldGen       total 267264K, used 64664K [0x00000000a0000000, 0x00000000b0500000, 0x00000000e0000000)
  object space 267264K, 24% used [0x00000000a0000000,0x00000000a3f26370,0x00000000b0500000)
 Metaspace       used 94739K, capacity 98822K, committed 99328K, reserved 1136640K
  class space    used 12121K, capacity 12946K, committed 13056K, reserved 1048576K

Card table byte_map: [0x00000000125b0000,0x00000000128c0000] byte_map_base: 0x00000000120b0000

Marking Bits: (ParMarkBitMap*) 0x0000000059549f30
 Begin Bits: [0x0000000012ec0000, 0x00000000146c0000)
 End Bits:   [0x00000000146c0000, 0x0000000015ec0000)

Polling page: 0x0000000001430000

CodeCache: size=245760Kb used=51205Kb max_used=51205Kb free=194555Kb
 bounds [0x00000000031f0000, 0x0000000006450000, 0x00000000121f0000]
 total_blobs=15727 nmethods=14818 adapters=819
 compilation: enabled

Compilation events (10 events):
Event: 442.898 Thread 0x0000000017f22800 18131       2       com.android.tools.r8.n.a.a.a.h.W$f::a (68 bytes)
Event: 442.898 Thread 0x0000000017f22800 nmethod 18131 0x0000000005f14890 code [0x0000000005f14a00, 0x0000000005f14c68]
Event: 442.898 Thread 0x0000000017f22800 18133       2       com.android.tools.r8.ir.optimize.f$$Lambda$576/1175491913::test (8 bytes)
Event: 442.899 Thread 0x0000000017f22800 nmethod 18133 0x0000000005f14390 code [0x0000000005f14500, 0x0000000005f14758]
Event: 442.899 Thread 0x0000000017f22800 18134       2       com.android.tools.r8.ir.optimize.f::a (24 bytes)
Event: 442.899 Thread 0x0000000017f22800 nmethod 18134 0x00000000052d50d0 code [0x00000000052d5240, 0x00000000052d5418]
Event: 442.899 Thread 0x0000000017f22800 18132       2       com.android.tools.r8.n.a.a.a.h.W$d::<init> (15 bytes)
Event: 442.899 Thread 0x0000000017f22800 nmethod 18132 0x0000000005f14010 code [0x0000000005f14160, 0x0000000005f142d0]
Event: 442.899 Thread 0x0000000017f22800 18135       2       com.android.tools.r8.graph.DexEncodedMethod::E (20 bytes)
Event: 442.899 Thread 0x0000000017f22800 nmethod 18135 0x00000000052d4d90 code [0x00000000052d4ee0, 0x00000000052d5050]

GC Heap History (10 events):
Event: 433.851 GC heap before
{Heap before GC invocations=19 (full 3):
 PSYoungGen      total 164864K, used 162399K [0x00000000e0000000, 0x00000000ec880000, 0x0000000100000000)
  eden space 131584K, 100% used [0x00000000e0000000,0x00000000e8080000,0x00000000e8080000)
  from space 33280K, 92% used [0x00000000e8280000,0x00000000ea097f48,0x00000000ea300000)
  to   space 36864K, 0% used [0x00000000ea480000,0x00000000ea480000,0x00000000ec880000)
 ParOldGen       total 267264K, used 43133K [0x00000000a0000000, 0x00000000b0500000, 0x00000000e0000000)
  object space 267264K, 16% used [0x00000000a0000000,0x00000000a2a1f7e0,0x00000000b0500000)
 Metaspace       used 80540K, capacity 84156K, committed 84352K, reserved 1122304K
  class space    used 10355K, capacity 11102K, committed 11136K, reserved 1048576K
Event: 433.888 GC heap after
Heap after GC invocations=19 (full 3):
 PSYoungGen      total 165376K, used 30815K [0x00000000e0000000, 0x00000000ecc80000, 0x0000000100000000)
  eden space 128512K, 0% used [0x00000000e0000000,0x00000000e0000000,0x00000000e7d80000)
  from space 36864K, 83% used [0x00000000ea480000,0x00000000ec297c70,0x00000000ec880000)
  to   space 39936K, 0% used [0x00000000e7d80000,0x00000000e7d80000,0x00000000ea480000)
 ParOldGen       total 267264K, used 43141K [0x00000000a0000000, 0x00000000b0500000, 0x00000000e0000000)
  object space 267264K, 16% used [0x00000000a0000000,0x00000000a2a217e0,0x00000000b0500000)
 Metaspace       used 80540K, capacity 84156K, committed 84352K, reserved 1122304K
  class space    used 10355K, capacity 11102K, committed 11136K, reserved 1048576K
}
Event: 436.198 GC heap before
{Heap before GC invocations=20 (full 3):
 PSYoungGen      total 165376K, used 159327K [0x00000000e0000000, 0x00000000ecc80000, 0x0000000100000000)
  eden space 128512K, 100% used [0x00000000e0000000,0x00000000e7d80000,0x00000000e7d80000)
  from space 36864K, 83% used [0x00000000ea480000,0x00000000ec297c70,0x00000000ec880000)
  to   space 39936K, 0% used [0x00000000e7d80000,0x00000000e7d80000,0x00000000ea480000)
 ParOldGen       total 267264K, used 43141K [0x00000000a0000000, 0x00000000b0500000, 0x00000000e0000000)
  object space 267264K, 16% used [0x00000000a0000000,0x00000000a2a217e0,0x00000000b0500000)
 Metaspace       used 84488K, capacity 88060K, committed 88192K, reserved 1126400K
  class space    used 10859K, capacity 11614K, committed 11648K, reserved 1048576K
Event: 436.221 GC heap after
Heap after GC invocations=20 (full 3):
 PSYoungGen      total 166400K, used 32638K [0x00000000e0000000, 0x00000000ecf80000, 0x0000000100000000)
  eden space 126464K, 0% used [0x00000000e0000000,0x00000000e0000000,0x00000000e7b80000)
  from space 39936K, 81% used [0x00000000e7d80000,0x00000000e9d5fae0,0x00000000ea480000)
  to   space 43008K, 0% used [0x00000000ea580000,0x00000000ea580000,0x00000000ecf80000)
 ParOldGen       total 267264K, used 43149K [0x00000000a0000000, 0x00000000b0500000, 0x00000000e0000000)
  object space 267264K, 16% used [0x00000000a0000000,0x00000000a2a237e0,0x00000000b0500000)
 Metaspace       used 84488K, capacity 88060K, committed 88192K, reserved 1126400K
  class space    used 10859K, capacity 11614K, committed 11648K, reserved 1048576K
}
Event: 440.280 GC heap before
{Heap before GC invocations=21 (full 3):
 PSYoungGen      total 166400K, used 159102K [0x00000000e0000000, 0x00000000ecf80000, 0x0000000100000000)
  eden space 126464K, 100% used [0x00000000e0000000,0x00000000e7b80000,0x00000000e7b80000)
  from space 39936K, 81% used [0x00000000e7d80000,0x00000000e9d5fae0,0x00000000ea480000)
  to   space 43008K, 0% used [0x00000000ea580000,0x00000000ea580000,0x00000000ecf80000)
 ParOldGen       total 267264K, used 43149K [0x00000000a0000000, 0x00000000b0500000, 0x00000000e0000000)
  object space 267264K, 16% used [0x00000000a0000000,0x00000000a2a237e0,0x00000000b0500000)
 Metaspace       used 87981K, capacity 91760K, committed 91904K, reserved 1128448K
  class space    used 11234K, capacity 12012K, committed 12032K, reserved 1048576K
Event: 440.320 GC heap after
Heap after GC invocations=21 (full 3):
 PSYoungGen      total 164864K, used 39078K [0x00000000e0000000, 0x00000000ed680000, 0x0000000100000000)
  eden space 121856K, 0% used [0x00000000e0000000,0x00000000e0000000,0x00000000e7700000)
  from space 43008K, 90% used [0x00000000ea580000,0x00000000ecba9a80,0x00000000ecf80000)
  to   space 47616K, 0% used [0x00000000e7700000,0x00000000e7700000,0x00000000ea580000)
 ParOldGen       total 267264K, used 43157K [0x00000000a0000000, 0x00000000b0500000, 0x00000000e0000000)
  object space 267264K, 16% used [0x00000000a0000000,0x00000000a2a257e0,0x00000000b0500000)
 Metaspace       used 87981K, capacity 91760K, committed 91904K, reserved 1128448K
  class space    used 11234K, capacity 12012K, committed 12032K, reserved 1048576K
}
Event: 441.375 GC heap before
{Heap before GC invocations=22 (full 3):
 PSYoungGen      total 164864K, used 109206K [0x00000000e0000000, 0x00000000ed680000, 0x0000000100000000)
  eden space 121856K, 57% used [0x00000000e0000000,0x00000000e447be80,0x00000000e7700000)
  from space 43008K, 90% used [0x00000000ea580000,0x00000000ecba9a80,0x00000000ecf80000)
  to   space 47616K, 0% used [0x00000000e7700000,0x00000000e7700000,0x00000000ea580000)
 ParOldGen       total 267264K, used 43157K [0x00000000a0000000, 0x00000000b0500000, 0x00000000e0000000)
  object space 267264K, 16% used [0x00000000a0000000,0x00000000a2a257e0,0x00000000b0500000)
 Metaspace       used 94066K, capacity 98444K, committed 98496K, reserved 1134592K
  class space    used 12141K, capacity 13004K, committed 13056K, reserved 1048576K
Event: 441.402 GC heap after
Heap after GC invocations=22 (full 3):
 PSYoungGen      total 169472K, used 40813K [0x00000000e0000000, 0x00000000eea80000, 0x0000000100000000)
  eden space 121856K, 0% used [0x00000000e0000000,0x00000000e0000000,0x00000000e7700000)
  from space 47616K, 85% used [0x00000000e7700000,0x00000000e9edb598,0x00000000ea580000)
  to   space 51712K, 0% used [0x00000000eb800000,0x00000000eb800000,0x00000000eea80000)
 ParOldGen       total 267264K, used 43165K [0x00000000a0000000, 0x00000000b0500000, 0x00000000e0000000)
  object space 267264K, 16% used [0x00000000a0000000,0x00000000a2a277e0,0x00000000b0500000)
 Metaspace       used 94066K, capacity 98444K, committed 98496K, reserved 1134592K
  class space    used 12141K, capacity 13004K, committed 13056K, reserved 1048576K
}
Event: 441.402 GC heap before
{Heap before GC invocations=23 (full 4):
 PSYoungGen      total 169472K, used 40813K [0x00000000e0000000, 0x00000000eea80000, 0x0000000100000000)
  eden space 121856K, 0% used [0x00000000e0000000,0x00000000e0000000,0x00000000e7700000)
  from space 47616K, 85% used [0x00000000e7700000,0x00000000e9edb598,0x00000000ea580000)
  to   space 51712K, 0% used [0x00000000eb800000,0x00000000eb800000,0x00000000eea80000)
 ParOldGen       total 267264K, used 43165K [0x00000000a0000000, 0x00000000b0500000, 0x00000000e0000000)
  object space 267264K, 16% used [0x00000000a0000000,0x00000000a2a277e0,0x00000000b0500000)
 Metaspace       used 94066K, capacity 98444K, committed 98496K, reserved 1134592K
  class space    used 12141K, capacity 13004K, committed 13056K, reserved 1048576K
Event: 441.681 GC heap after
Heap after GC invocations=23 (full 4):
 PSYoungGen      total 169472K, used 0K [0x00000000e0000000, 0x00000000eea80000, 0x0000000100000000)
  eden space 121856K, 0% used [0x00000000e0000000,0x00000000e0000000,0x00000000e7700000)
  from space 47616K, 0% used [0x00000000e7700000,0x00000000e7700000,0x00000000ea580000)
  to   space 51712K, 0% used [0x00000000eb800000,0x00000000eb800000,0x00000000eea80000)
 ParOldGen       total 267264K, used 64664K [0x00000000a0000000, 0x00000000b0500000, 0x00000000e0000000)
  object space 267264K, 24% used [0x00000000a0000000,0x00000000a3f26370,0x00000000b0500000)
 Metaspace       used 93873K, capacity 97900K, committed 98496K, reserved 1134592K
  class space    used 12079K, capacity 12901K, committed 13056K, reserved 1048576K
}

Deoptimization events (10 events):
Event: 442.264 Thread 0x000000001c98a800 Uncommon trap: reason=unstable_if action=reinterpret pc=0x000000000613c41c method=com.android.tools.r8.ir.regalloc.a.a(ILcom/android/tools/r8/ir/regalloc/a$a;)Z @ 73
Event: 442.277 Thread 0x000000001c98a800 Uncommon trap: reason=unstable_if action=reinterpret pc=0x0000000003b869d0 method=java.util.HashMap.getNode(ILjava/lang/Object;)Ljava/util/HashMap$Node; @ 84
Event: 442.277 Thread 0x000000001c98a800 Uncommon trap: reason=unstable_if action=reinterpret pc=0x000000000489dc20 method=java.util.HashMap.putVal(ILjava/lang/Object;Ljava/lang/Object;ZZ)Ljava/lang/Object; @ 109
Event: 442.277 Thread 0x000000001c98a800 Uncommon trap: reason=unstable_if action=reinterpret pc=0x00000000034e61ac method=java.util.HashMap.resize()[Ljava/util/HashMap$Node; @ 206
Event: 442.277 Thread 0x000000001c98a800 Uncommon trap: reason=unstable_if action=reinterpret pc=0x00000000047f5c30 method=java.util.HashMap.getNode(ILjava/lang/Object;)Ljava/util/HashMap$Node; @ 84
Event: 442.277 Thread 0x000000001c98a800 Uncommon trap: reason=unstable_if action=reinterpret pc=0x00000000040a9320 method=java.util.HashMap.putVal(ILjava/lang/Object;Ljava/lang/Object;ZZ)Ljava/lang/Object; @ 109
Event: 442.376 Thread 0x000000001c98b000 Uncommon trap: reason=unstable_if action=reinterpret pc=0x00000000063e8678 method=com.android.tools.r8.ir.conversion.N.c(Lcom/android/tools/r8/t/a/a/G/a;)[I @ 19
Event: 442.582 Thread 0x000000001c98b000 Uncommon trap: reason=unstable_if action=reinterpret pc=0x00000000060e0a18 method=com.android.tools.r8.ir.regalloc.LiveIntervals.getSplitCovering(I)Lcom/android/tools/r8/ir/regalloc/LiveIntervals; @ 132
Event: 442.594 Thread 0x000000001c98b000 Uncommon trap: reason=unstable_if action=reinterpret pc=0x0000000005b9f040 method=com.android.tools.r8.ir.regalloc.LiveIntervals.getSplitCovering(I)Lcom/android/tools/r8/ir/regalloc/LiveIntervals; @ 132
Event: 442.617 Thread 0x000000001c98b000 Uncommon trap: reason=unstable_if action=reinterpret pc=0x00000000063c1e6c method=com.android.tools.r8.ir.conversion.N.a(Lcom/android/tools/r8/t/a/a/G/a;Lcom/android/tools/r8/ir/conversion/IRBuilder;)V @ 817

Classes redefined (0 events):
No events

Internal exceptions (10 events):
Event: 440.110 Thread 0x000000001c98a800 Exception <a 'sun/nio/fs/WindowsException'> (0x00000000e74b34e0) thrown at [D:\src\AOSP-openjdk-cygwin\jdk8u\hotspot\src\share\vm\prims\jni.cpp, line 710]
Event: 440.111 Thread 0x000000001c98b000 Exception <a 'sun/nio/fs/WindowsException'> (0x00000000e74f9840) thrown at [D:\src\AOSP-openjdk-cygwin\jdk8u\hotspot\src\share\vm\prims\jni.cpp, line 710]
Event: 440.239 Thread 0x000000001c989800 Exception <a 'sun/nio/fs/WindowsException'> (0x00000000e78ac9f8) thrown at [D:\src\AOSP-openjdk-cygwin\jdk8u\hotspot\src\share\vm\prims\jni.cpp, line 710]
Event: 440.650 Thread 0x000000001c98b000 Exception <a 'java/lang/NoSuchMethodError': java.lang.Object.lambda$maxBy$1(Ljava/util/Comparator;Ljava/lang/Object;Ljava/lang/Object;)Ljava/lang/Object;> (0x00000000e16f6a88) thrown at [D:\src\AOSP-openjdk-cygwin\jdk8u\hotspot\src\share\vm\interpreter\li
Event: 441.230 Thread 0x000000001c989800 Exception <a 'sun/nio/fs/WindowsException'> (0x00000000e38b4880) thrown at [D:\src\AOSP-openjdk-cygwin\jdk8u\hotspot\src\share\vm\prims\jni.cpp, line 710]
Event: 441.231 Thread 0x000000001c98a800 Exception <a 'sun/nio/fs/WindowsException'> (0x00000000e370e9a0) thrown at [D:\src\AOSP-openjdk-cygwin\jdk8u\hotspot\src\share\vm\prims\jni.cpp, line 710]
Event: 441.313 Thread 0x000000001c989800 Exception <a 'sun/nio/fs/WindowsException'> (0x00000000e3ea5c10) thrown at [D:\src\AOSP-openjdk-cygwin\jdk8u\hotspot\src\share\vm\prims\jni.cpp, line 710]
Event: 442.159 Thread 0x000000001c98a800 Exception <a 'sun/nio/fs/WindowsException'> (0x00000000e08741e0) thrown at [D:\src\AOSP-openjdk-cygwin\jdk8u\hotspot\src\share\vm\prims\jni.cpp, line 710]
Event: 442.261 Thread 0x000000001c989800 Exception <a 'sun/nio/fs/WindowsException'> (0x00000000e31633f0) thrown at [D:\src\AOSP-openjdk-cygwin\jdk8u\hotspot\src\share\vm\prims\jni.cpp, line 710]
Event: 442.356 Thread 0x000000001c98a800 Exception <a 'sun/nio/fs/WindowsException'> (0x00000000e3e3add8) thrown at [D:\src\AOSP-openjdk-cygwin\jdk8u\hotspot\src\share\vm\prims\jni.cpp, line 710]

Events (10 events):
Event: 442.761 Thread 0x000000001c98b000 DEOPT PACKING pc=0x0000000005ff07e7 sp=0x0000000025c3b510
Event: 442.761 Thread 0x000000001c98b000 DEOPT UNPACKING pc=0x00000000032375d0 sp=0x0000000025c3b388 mode 0
Event: 442.810 loading class com/android/tools/r8/n/a/a/a/g/U0
Event: 442.810 loading class com/android/tools/r8/n/a/a/a/g/U0 done
Event: 442.870 Thread 0x000000001c98b000 DEOPT PACKING pc=0x0000000003434171 sp=0x0000000025c3a9d0
Event: 442.870 Thread 0x000000001c98b000 DEOPT UNPACKING pc=0x00000000032375d0 sp=0x0000000025c3a748 mode 0
Event: 442.894 Thread 0x000000001c98b000 DEOPT PACKING pc=0x0000000005ff06b7 sp=0x0000000025c3b160
Event: 442.894 Thread 0x000000001c98b000 DEOPT UNPACKING pc=0x00000000032375d0 sp=0x0000000025c3afe0 mode 0
Event: 442.896 Executing VM operation: ForceSafepoint
Event: 442.897 Executing VM operation: ForceSafepoint done


Dynamic libraries:
0x00007ff769130000 - 0x00007ff769161000 	E:\Android Studio\jre\bin\java.exe
0x00007fffb1f60000 - 0x00007fffb2150000 	C:\WINDOWS\SYSTEM32\ntdll.dll
0x00007fffb0800000 - 0x00007fffb08b2000 	C:\WINDOWS\System32\KERNEL32.DLL
0x00007fffaeef0000 - 0x00007fffaf193000 	C:\WINDOWS\System32\KERNELBASE.dll
0x00007fffb0750000 - 0x00007fffb07f3000 	C:\WINDOWS\System32\ADVAPI32.dll
0x00007fffb1870000 - 0x00007fffb190e000 	C:\WINDOWS\System32\msvcrt.dll
0x00007fffb08c0000 - 0x00007fffb0957000 	C:\WINDOWS\System32\sechost.dll
0x00007fffb0a90000 - 0x00007fffb0bb0000 	C:\WINDOWS\System32\RPCRT4.dll
0x00007fffb1970000 - 0x00007fffb1b04000 	C:\WINDOWS\System32\USER32.dll
0x00007fffaf2a0000 - 0x00007fffaf2c1000 	C:\WINDOWS\System32\win32u.dll
0x00007fffb1820000 - 0x00007fffb1846000 	C:\WINDOWS\System32\GDI32.dll
0x00007fffafe70000 - 0x00007fffb0004000 	C:\WINDOWS\System32\gdi32full.dll
0x00007fffafdd0000 - 0x00007fffafe6e000 	C:\WINDOWS\System32\msvcp_win.dll
0x00007fffaf2d0000 - 0x00007fffaf3ca000 	C:\WINDOWS\System32\ucrtbase.dll
0x00007fffa02c0000 - 0x00007fffa0545000 	C:\WINDOWS\WinSxS\amd64_microsoft.windows.common-controls_6595b64144ccf1df_6.0.18362.778_none_e6c6b761130d4fb8\COMCTL32.dll
0x00007fffb1be0000 - 0x00007fffb1f16000 	C:\WINDOWS\System32\combase.dll
0x00007fffaf580000 - 0x00007fffaf600000 	C:\WINDOWS\System32\bcryptPrimitives.dll
0x00007fffb16b0000 - 0x00007fffb16de000 	C:\WINDOWS\System32\IMM32.DLL
0x0000000058ca0000 - 0x0000000058d72000 	E:\Android Studio\jre\jre\bin\msvcr100.dll
0x0000000058d80000 - 0x00000000595c6000 	E:\Android Studio\jre\jre\bin\server\jvm.dll
0x00007fffb0740000 - 0x00007fffb0748000 	C:\WINDOWS\System32\PSAPI.DLL
0x00007fffa2d80000 - 0x00007fffa2d8a000 	C:\WINDOWS\SYSTEM32\VERSION.dll
0x00007fffacb00000 - 0x00007fffacb24000 	C:\WINDOWS\SYSTEM32\WINMM.dll
0x00007fff8e700000 - 0x00007fff8e709000 	C:\WINDOWS\SYSTEM32\WSOCK32.dll
0x00007fffb0df0000 - 0x00007fffb0e5f000 	C:\WINDOWS\System32\WS2_32.dll
0x00007fffac9f0000 - 0x00007fffaca1d000 	C:\WINDOWS\SYSTEM32\winmmbase.dll
0x00007fffaf600000 - 0x00007fffaf64a000 	C:\WINDOWS\System32\cfgmgr32.dll
0x00007fffa7070000 - 0x00007fffa707f000 	E:\Android Studio\jre\jre\bin\verify.dll
0x00007fff9fe70000 - 0x00007fff9fe99000 	E:\Android Studio\jre\jre\bin\java.dll
0x00007fffa23e0000 - 0x00007fffa23f6000 	E:\Android Studio\jre\jre\bin\zip.dll
0x00007fffb0e60000 - 0x00007fffb1545000 	C:\WINDOWS\System32\SHELL32.dll
0x00007fffb1600000 - 0x00007fffb16a9000 	C:\WINDOWS\System32\shcore.dll
0x00007fffaf650000 - 0x00007fffafdd0000 	C:\WINDOWS\System32\windows.storage.dll
0x00007fffaeec0000 - 0x00007fffaeee3000 	C:\WINDOWS\System32\profapi.dll
0x00007fffaee70000 - 0x00007fffaeeba000 	C:\WINDOWS\System32\powrprof.dll
0x00007fffaee20000 - 0x00007fffaee30000 	C:\WINDOWS\System32\UMPDC.dll
0x00007fffb0d90000 - 0x00007fffb0de2000 	C:\WINDOWS\System32\shlwapi.dll
0x00007fffaee50000 - 0x00007fffaee61000 	C:\WINDOWS\System32\kernel.appcore.dll
0x00007fffaf280000 - 0x00007fffaf297000 	C:\WINDOWS\System32\cryptsp.dll
0x00007fff9fe50000 - 0x00007fff9fe6a000 	E:\Android Studio\jre\jre\bin\net.dll
0x00007fffae660000 - 0x00007fffae6c7000 	C:\WINDOWS\system32\mswsock.dll
0x00007fff9e920000 - 0x00007fff9e931000 	E:\Android Studio\jre\jre\bin\nio.dll
0x00007fff92970000 - 0x00007fff92996000 	C:\Users\John Young\.gradle\native\29\windows-amd64\native-platform.dll
0x00007fffa7050000 - 0x00007fffa705d000 	E:\Android Studio\jre\jre\bin\management.dll
0x00007fffae170000 - 0x00007fffae1a3000 	C:\WINDOWS\system32\rsaenh.dll
0x00007fffaf250000 - 0x00007fffaf276000 	C:\WINDOWS\System32\bcrypt.dll
0x00007fffaed40000 - 0x00007fffaed65000 	C:\WINDOWS\SYSTEM32\USERENV.dll
0x00007fffae830000 - 0x00007fffae83c000 	C:\WINDOWS\SYSTEM32\CRYPTBASE.dll
0x00007fffae370000 - 0x00007fffae3aa000 	C:\WINDOWS\SYSTEM32\IPHLPAPI.DLL
0x00007fffb0010000 - 0x00007fffb0018000 	C:\WINDOWS\System32\NSI.dll
0x00007fffa36c0000 - 0x00007fffa36d6000 	C:\WINDOWS\SYSTEM32\dhcpcsvc6.DLL
0x00007fffa36a0000 - 0x00007fffa36bc000 	C:\WINDOWS\SYSTEM32\dhcpcsvc.DLL
0x00007fffae3b0000 - 0x00007fffae47a000 	C:\WINDOWS\SYSTEM32\DNSAPI.dll
0x00007fff97600000 - 0x00007fff97624000 	E:\Android Studio\jre\jre\bin\sunec.dll
0x00007fffa3590000 - 0x00007fffa359a000 	C:\Windows\System32\rasadhlp.dll
0x00007fffa2e50000 - 0x00007fffa2ec7000 	C:\WINDOWS\System32\fwpuclnt.dll
0x00007fffa6e80000 - 0x00007fffa6e8b000 	E:\Android Studio\jre\jre\bin\sunmscapi.dll
0x00007fffaf3d0000 - 0x00007fffaf519000 	C:\WINDOWS\System32\CRYPT32.dll
0x00007fffaee30000 - 0x00007fffaee42000 	C:\WINDOWS\System32\MSASN1.dll
0x00007fffacd30000 - 0x00007fffacdbf000 	C:\WINDOWS\system32\apphelp.dll

VM Arguments:
jvm_args: -Xmx1536m -Dfile.encoding=GBK -Duser.country=CN -Duser.language=zh -Duser.variant 
java_command: org.gradle.launcher.daemon.bootstrap.GradleDaemon 5.4.1
java_class_path (initial): C:\Users\John Young\.gradle\wrapper\dists\gradle-5.4.1-all\3221gyojl5jsh0helicew7rwx\gradle-5.4.1\lib\gradle-launcher-5.4.1.jar
Launcher Type: SUN_STANDARD

Environment Variables:
JAVA_HOME=E:\jdk-11.0.2
CLASSPATH=.;%JAVA_HOME%\lib\;E:\课内\软件开发方法\apache-tomcat-8.5.45\lib;%JAVA_HOME%\lib\dt.jar;%JAVA_HOME%\lib\tools.jar;
PATH=E:\Xftp6\;D:\Xshell 6\;E:\jdk-11.0.2\bin;E:\jdk-11.0.2\jre\bin;C:\Program Files (x86)\Intel\iCLS Client\;C:\Program Files\Intel\iCLS Client\;C:\Windows\system32;C:\Windows;C:\Windows\System32\Wbem;C:\Windows\System32\WindowsPowerShell\v1.0\;C:\Program Files (x86)\NVIDIA Corporation\PhysX\Common;C:\Program Files (x86)\Intel\Intel(R) Management Engine Components\DAL;C:\Program Files\Intel\Intel(R) Management Engine Components\DAL;C:\Program Files (x86)\Intel\Intel(R) Management Engine Components\IPT;C:\Program Files\Intel\Intel(R) Management Engine Components\IPT;C:\WINDOWS\system32;C:\WINDOWS;C:\WINDOWS\System32\Wbem;C:\WINDOWS\System32\WindowsPowerShell\v1.0\;C:\WINDOWS\System32\OpenSSH\;D:\Git\cmd;C:\Program Files\NVIDIA Corporation\NVIDIA NvDLISR;E:\Anaconda;C:\WINDOWS\system32;C:\WINDOWS;C:\WINDOWS\System32\Wbem;C:\WINDOWS\System32\WindowsPowerShell\v1.0\;C:\WINDOWS\System32\OpenSSH\;E:\课内\软件开发方法\apache-tomcat-8.5.45\lib;E:\Qt\5.12.4\msvc2017\bin;E:\Xilinx\Vivado\2016.2\bin;E:\MATLAB\bin;E:\Anaconda\Scripts;E:\assembly course\MASM;E:\ModelSim_PE_10.4c\win32pe;D:\Microsoft VS Code\bin;C:\Users\John Young\AppData\Local\Microsoft\WindowsApps;E:\Qt\5.12.4\msvc2017\bin;E:\KeNei\3_1\Operating System\unix v6++\MinGW\bin;E:\KeNei\3_1\Operating System\unix v6++\NASM;E:\CMake\bin;
USERNAME=John Young
OS=Windows_NT
PROCESSOR_IDENTIFIER=Intel64 Family 6 Model 158 Stepping 9, GenuineIntel



---------------  S Y S T E M  ---------------

OS: Windows 10.0 , 64 bit Build 18362 (10.0.18362.778)

CPU:total 4 (initial active 4) (4 cores per cpu, 1 threads per core) family 6 model 158 stepping 9, cmov, cx8, fxsr, mmx, sse, sse2, sse3, ssse3, sse4.1, sse4.2, popcnt, avx, avx2, aes, clmul, erms, 3dnowpref, lzcnt, tsc, tscinvbit, bmi1, bmi2, adx

Memory: 4k page, physical 16649380k(3462328k free), swap 24250912k(5884k free)

vm_info: OpenJDK 64-Bit Server VM (25.202-b03) for windows-amd64 JRE (1.8.0_202-release-1483-b03), built by "builder" with MS VC++ 10.0 (VS2010)

time: Tue Apr 21 12:11:49 2020
timezone: 中国标准时间
elapsed time: 442 seconds (0d 0h 7m 22s)

